1725708581.375578 client started (51336): version 3.4, socket /private/tmp/tmux-501/default, protocol 8
1725708581.375762 on Darwin 23.1.0 Darwin Kernel Version 23.1.0: Mon Oct  9 21:28:31 PDT 2023; root:xnu-10002.41.9~6/RELEASE_ARM64_T8112
1725708581.375798 using libevent 2.1.12-stable select
1725708581.376687 using utf8proc 2.9.0
1725708581.376705 using ncurses 6.5 20240427
1725708581.376745 flags are 0x10010000
1725708581.376757 socket is /private/tmp/tmux-501/default
1725708581.376775 trying connect
1725708581.376857 add peer 0x138008000: 6 (0x0)
1725708581.384446 sending message 100 to peer 0x138008000 (4 bytes)
1725708581.384479 sending message 111 to peer 0x138008000 (8 bytes)
1725708581.384490 sending message 101 to peer 0x138008000 (14 bytes)
1725708581.384501 sending message 109 to peer 0x138008000 (4 bytes)
1725708581.384509 sending message 102 to peer 0x138008000 (13 bytes)
1725708581.384517 sending message 108 to peer 0x138008000 (41 bytes)
1725708581.384524 sending message 112 to peer 0x138008000 (70 bytes)
1725708581.384532 sending message 112 to peer 0x138008000 (5 bytes)
1725708581.384542 sending message 112 to peer 0x138008000 (5 bytes)
1725708581.384549 sending message 112 to peer 0x138008000 (6 bytes)
1725708581.384556 sending message 112 to peer 0x138008000 (6 bytes)
1725708581.384564 sending message 112 to peer 0x138008000 (11 bytes)
1725708581.384572 sending message 112 to peer 0x138008000 (10 bytes)
1725708581.384579 sending message 112 to peer 0x138008000 (13 bytes)
1725708581.384586 sending message 112 to peer 0x138008000 (13 bytes)
1725708581.384593 sending message 112 to peer 0x138008000 (18 bytes)
1725708581.384601 sending message 112 to peer 0x138008000 (11 bytes)
1725708581.384608 sending message 112 to peer 0x138008000 (10 bytes)
1725708581.384615 sending message 112 to peer 0x138008000 (15 bytes)
1725708581.384623 sending message 112 to peer 0x138008000 (21 bytes)
1725708581.384630 sending message 112 to peer 0x138008000 (13 bytes)
1725708581.384638 sending message 112 to peer 0x138008000 (7 bytes)
1725708581.384645 sending message 112 to peer 0x138008000 (13 bytes)
1725708581.384655 sending message 112 to peer 0x138008000 (7 bytes)
1725708581.384663 sending message 112 to peer 0x138008000 (13 bytes)
1725708581.384671 sending message 112 to peer 0x138008000 (9 bytes)
1725708581.384678 sending message 112 to peer 0x138008000 (21 bytes)
1725708581.384685 sending message 112 to peer 0x138008000 (13 bytes)
1725708581.384692 sending message 112 to peer 0x138008000 (8 bytes)
1725708581.384700 sending message 112 to peer 0x138008000 (12 bytes)
1725708581.384707 sending message 112 to peer 0x138008000 (13 bytes)
1725708581.384715 sending message 112 to peer 0x138008000 (9 bytes)
1725708581.384725 sending message 112 to peer 0x138008000 (9 bytes)
1725708581.384733 sending message 112 to peer 0x138008000 (12 bytes)
1725708581.384740 sending message 112 to peer 0x138008000 (8 bytes)
1725708581.384748 sending message 112 to peer 0x138008000 (8 bytes)
1725708581.384757 sending message 112 to peer 0x138008000 (7 bytes)
1725708581.384764 sending message 112 to peer 0x138008000 (7 bytes)
1725708581.384772 sending message 112 to peer 0x138008000 (9 bytes)
1725708581.384779 sending message 112 to peer 0x138008000 (13 bytes)
1725708581.384786 sending message 112 to peer 0x138008000 (6 bytes)
1725708581.384796 sending message 112 to peer 0x138008000 (9 bytes)
1725708581.384803 sending message 112 to peer 0x138008000 (15 bytes)
1725708581.384810 sending message 112 to peer 0x138008000 (13 bytes)
1725708581.384817 sending message 112 to peer 0x138008000 (12 bytes)
1725708581.384825 sending message 112 to peer 0x138008000 (8 bytes)
1725708581.384832 sending message 112 to peer 0x138008000 (14 bytes)
1725708581.384842 sending message 112 to peer 0x138008000 (11 bytes)
1725708581.384849 sending message 112 to peer 0x138008000 (9 bytes)
1725708581.384857 sending message 112 to peer 0x138008000 (10 bytes)
1725708581.384864 sending message 112 to peer 0x138008000 (10 bytes)
1725708581.384871 sending message 112 to peer 0x138008000 (10 bytes)
1725708581.384909 sending message 112 to peer 0x138008000 (10 bytes)
1725708581.384915 sending message 112 to peer 0x138008000 (11 bytes)
1725708581.384920 sending message 112 to peer 0x138008000 (12 bytes)
1725708581.384926 sending message 112 to peer 0x138008000 (12 bytes)
1725708581.384931 sending message 112 to peer 0x138008000 (12 bytes)
1725708581.384936 sending message 112 to peer 0x138008000 (12 bytes)
1725708581.384941 sending message 112 to peer 0x138008000 (12 bytes)
1725708581.384949 sending message 112 to peer 0x138008000 (11 bytes)
1725708581.384954 sending message 112 to peer 0x138008000 (11 bytes)
1725708581.384959 sending message 112 to peer 0x138008000 (12 bytes)
1725708581.384964 sending message 112 to peer 0x138008000 (12 bytes)
1725708581.384969 sending message 112 to peer 0x138008000 (12 bytes)
1725708581.384974 sending message 112 to peer 0x138008000 (12 bytes)
1725708581.384979 sending message 112 to peer 0x138008000 (12 bytes)
1725708581.384984 sending message 112 to peer 0x138008000 (10 bytes)
1725708581.384990 sending message 112 to peer 0x138008000 (12 bytes)
1725708581.384995 sending message 112 to peer 0x138008000 (13 bytes)
1725708581.385000 sending message 112 to peer 0x138008000 (13 bytes)
1725708581.385009 sending message 112 to peer 0x138008000 (13 bytes)
1725708581.385013 sending message 112 to peer 0x138008000 (13 bytes)
1725708581.385018 sending message 112 to peer 0x138008000 (13 bytes)
1725708581.385023 sending message 112 to peer 0x138008000 (8 bytes)
1725708581.385028 sending message 112 to peer 0x138008000 (11 bytes)
1725708581.385033 sending message 112 to peer 0x138008000 (11 bytes)
1725708581.385038 sending message 112 to peer 0x138008000 (11 bytes)
1725708581.385043 sending message 112 to peer 0x138008000 (12 bytes)
1725708581.385048 sending message 112 to peer 0x138008000 (12 bytes)
1725708581.385053 sending message 112 to peer 0x138008000 (12 bytes)
1725708581.385058 sending message 112 to peer 0x138008000 (12 bytes)
1725708581.385066 sending message 112 to peer 0x138008000 (13 bytes)
1725708581.385071 sending message 112 to peer 0x138008000 (13 bytes)
1725708581.385076 sending message 112 to peer 0x138008000 (13 bytes)
1725708581.385081 sending message 112 to peer 0x138008000 (8 bytes)
1725708581.385086 sending message 112 to peer 0x138008000 (13 bytes)
1725708581.385092 sending message 112 to peer 0x138008000 (13 bytes)
1725708581.385096 sending message 112 to peer 0x138008000 (13 bytes)
1725708581.385101 sending message 112 to peer 0x138008000 (13 bytes)
1725708581.385106 sending message 112 to peer 0x138008000 (13 bytes)
1725708581.385111 sending message 112 to peer 0x138008000 (12 bytes)
1725708581.385116 sending message 112 to peer 0x138008000 (12 bytes)
1725708581.385121 sending message 112 to peer 0x138008000 (12 bytes)
1725708581.385126 sending message 112 to peer 0x138008000 (12 bytes)
1725708581.385131 sending message 112 to peer 0x138008000 (13 bytes)
1725708581.385135 sending message 112 to peer 0x138008000 (8 bytes)
1725708581.385141 sending message 112 to peer 0x138008000 (13 bytes)
1725708581.385146 sending message 112 to peer 0x138008000 (13 bytes)
1725708581.385151 sending message 112 to peer 0x138008000 (13 bytes)
1725708581.385157 sending message 112 to peer 0x138008000 (13 bytes)
1725708581.385162 sending message 112 to peer 0x138008000 (13 bytes)
1725708581.385168 sending message 112 to peer 0x138008000 (13 bytes)
1725708581.385174 sending message 112 to peer 0x138008000 (13 bytes)
1725708581.385178 sending message 112 to peer 0x138008000 (12 bytes)
1725708581.385183 sending message 112 to peer 0x138008000 (12 bytes)
1725708581.385188 sending message 112 to peer 0x138008000 (12 bytes)
1725708581.385193 sending message 112 to peer 0x138008000 (8 bytes)
1725708581.385198 sending message 112 to peer 0x138008000 (12 bytes)
1725708581.385203 sending message 112 to peer 0x138008000 (13 bytes)
1725708581.385208 sending message 112 to peer 0x138008000 (13 bytes)
1725708581.385213 sending message 112 to peer 0x138008000 (13 bytes)
1725708581.385218 sending message 112 to peer 0x138008000 (13 bytes)
1725708581.385237 sending message 112 to peer 0x138008000 (13 bytes)
1725708581.385242 sending message 112 to peer 0x138008000 (13 bytes)
1725708581.385247 sending message 112 to peer 0x138008000 (13 bytes)
1725708581.385252 sending message 112 to peer 0x138008000 (13 bytes)
1725708581.385257 sending message 112 to peer 0x138008000 (12 bytes)
1725708581.385262 sending message 112 to peer 0x138008000 (10 bytes)
1725708581.385267 sending message 112 to peer 0x138008000 (12 bytes)
1725708581.385272 sending message 112 to peer 0x138008000 (12 bytes)
1725708581.385277 sending message 112 to peer 0x138008000 (12 bytes)
1725708581.385282 sending message 112 to peer 0x138008000 (13 bytes)
1725708581.385287 sending message 112 to peer 0x138008000 (13 bytes)
1725708581.385292 sending message 112 to peer 0x138008000 (13 bytes)
1725708581.385297 sending message 112 to peer 0x138008000 (13 bytes)
1725708581.385302 sending message 112 to peer 0x138008000 (13 bytes)
1725708581.385310 sending message 112 to peer 0x138008000 (13 bytes)
1725708581.385315 sending message 112 to peer 0x138008000 (13 bytes)
1725708581.385319 sending message 112 to peer 0x138008000 (10 bytes)
1725708581.385325 sending message 112 to peer 0x138008000 (13 bytes)
1725708581.385330 sending message 112 to peer 0x138008000 (12 bytes)
1725708581.385334 sending message 112 to peer 0x138008000 (12 bytes)
1725708581.385339 sending message 112 to peer 0x138008000 (12 bytes)
1725708581.385344 sending message 112 to peer 0x138008000 (10 bytes)
1725708581.385349 sending message 112 to peer 0x138008000 (10 bytes)
1725708581.385354 sending message 112 to peer 0x138008000 (10 bytes)
1725708581.385359 sending message 112 to peer 0x138008000 (12 bytes)
1725708581.385364 sending message 112 to peer 0x138008000 (13 bytes)
1725708581.385369 sending message 112 to peer 0x138008000 (13 bytes)
1725708581.385374 sending message 112 to peer 0x138008000 (13 bytes)
1725708581.385380 sending message 112 to peer 0x138008000 (13 bytes)
1725708581.385385 sending message 112 to peer 0x138008000 (13 bytes)
1725708581.385390 sending message 112 to peer 0x138008000 (11 bytes)
1725708581.385396 sending message 112 to peer 0x138008000 (11 bytes)
1725708581.385401 sending message 112 to peer 0x138008000 (12 bytes)
1725708581.385409 sending message 112 to peer 0x138008000 (12 bytes)
1725708581.385414 sending message 112 to peer 0x138008000 (12 bytes)
1725708581.385419 sending message 112 to peer 0x138008000 (12 bytes)
1725708581.385444 sending message 112 to peer 0x138008000 (12 bytes)
1725708581.385450 sending message 112 to peer 0x138008000 (11 bytes)
1725708581.385455 sending message 112 to peer 0x138008000 (12 bytes)
1725708581.385461 sending message 112 to peer 0x138008000 (12 bytes)
1725708581.385466 sending message 112 to peer 0x138008000 (13 bytes)
1725708581.385472 sending message 112 to peer 0x138008000 (13 bytes)
1725708581.385477 sending message 112 to peer 0x138008000 (13 bytes)
1725708581.385482 sending message 112 to peer 0x138008000 (13 bytes)
1725708581.385487 sending message 112 to peer 0x138008000 (13 bytes)
1725708581.385492 sending message 112 to peer 0x138008000 (10 bytes)
1725708581.385497 sending message 112 to peer 0x138008000 (9 bytes)
1725708581.385502 sending message 112 to peer 0x138008000 (12 bytes)
1725708581.385507 sending message 112 to peer 0x138008000 (13 bytes)
1725708581.385513 sending message 112 to peer 0x138008000 (13 bytes)
1725708581.385518 sending message 112 to peer 0x138008000 (13 bytes)
1725708581.385523 sending message 112 to peer 0x138008000 (13 bytes)
1725708581.385528 sending message 112 to peer 0x138008000 (13 bytes)
1725708581.385533 sending message 112 to peer 0x138008000 (9 bytes)
1725708581.385538 sending message 112 to peer 0x138008000 (12 bytes)
1725708581.385544 sending message 112 to peer 0x138008000 (13 bytes)
1725708581.385549 sending message 112 to peer 0x138008000 (13 bytes)
1725708581.385554 sending message 112 to peer 0x138008000 (13 bytes)
1725708581.385559 sending message 112 to peer 0x138008000 (13 bytes)
1725708581.385577 sending message 112 to peer 0x138008000 (13 bytes)
1725708581.385582 sending message 112 to peer 0x138008000 (11 bytes)
1725708581.385588 sending message 112 to peer 0x138008000 (12 bytes)
1725708581.385593 sending message 112 to peer 0x138008000 (13 bytes)
1725708581.385598 sending message 112 to peer 0x138008000 (13 bytes)
1725708581.385603 sending message 112 to peer 0x138008000 (13 bytes)
1725708581.385608 sending message 112 to peer 0x138008000 (13 bytes)
1725708581.385613 sending message 112 to peer 0x138008000 (13 bytes)
1725708581.385618 sending message 112 to peer 0x138008000 (11 bytes)
1725708581.385624 sending message 112 to peer 0x138008000 (12 bytes)
1725708581.385629 sending message 112 to peer 0x138008000 (12 bytes)
1725708581.385634 sending message 112 to peer 0x138008000 (12 bytes)
1725708581.385639 sending message 112 to peer 0x138008000 (12 bytes)
1725708581.385644 sending message 112 to peer 0x138008000 (12 bytes)
1725708581.385649 sending message 112 to peer 0x138008000 (21 bytes)
1725708581.385654 sending message 112 to peer 0x138008000 (12 bytes)
1725708581.385660 sending message 112 to peer 0x138008000 (9 bytes)
1725708581.385665 sending message 112 to peer 0x138008000 (6 bytes)
1725708581.385756 sending message 112 to peer 0x138008000 (13 bytes)
1725708581.385774 sending message 112 to peer 0x138008000 (8 bytes)
1725708581.385781 sending message 112 to peer 0x138008000 (15 bytes)
1725708581.385787 sending message 112 to peer 0x138008000 (13 bytes)
1725708581.385793 sending message 112 to peer 0x138008000 (9 bytes)
1725708581.385799 sending message 112 to peer 0x138008000 (70 bytes)
1725708581.385808 sending message 112 to peer 0x138008000 (69 bytes)
1725708581.385815 sending message 112 to peer 0x138008000 (10 bytes)
1725708581.385821 sending message 112 to peer 0x138008000 (10 bytes)
1725708581.385827 sending message 112 to peer 0x138008000 (8 bytes)
1725708581.385832 sending message 112 to peer 0x138008000 (15 bytes)
1725708581.385838 sending message 112 to peer 0x138008000 (13 bytes)
1725708581.385843 sending message 112 to peer 0x138008000 (10 bytes)
1725708581.385848 sending message 112 to peer 0x138008000 (10 bytes)
1725708581.385854 sending message 112 to peer 0x138008000 (17 bytes)
1725708581.385863 sending message 112 to peer 0x138008000 (10 bytes)
1725708581.385868 sending message 112 to peer 0x138008000 (13 bytes)
1725708581.385874 sending message 112 to peer 0x138008000 (9 bytes)
1725708581.385879 sending message 112 to peer 0x138008000 (5 bytes)
1725708581.385884 sending message 112 to peer 0x138008000 (15 bytes)
1725708581.385891 sending message 104 to peer 0x138008000 (0 bytes)
1725708581.385901 sending message 110 to peer 0x138008000 (0 bytes)
1725708581.385906 sending message 107 to peer 0x138008000 (4 bytes)
1725708581.385912 sending message 105 to peer 0x138008000 (82 bytes)
1725708581.385921 sending message 105 to peer 0x138008000 (86 bytes)
1725708581.385927 sending message 105 to peer 0x138008000 (31 bytes)
1725708581.385933 sending message 105 to peer 0x138008000 (43 bytes)
1725708581.385938 sending message 105 to peer 0x138008000 (159 bytes)
1725708581.385948 sending message 105 to peer 0x138008000 (20 bytes)
1725708581.385953 sending message 105 to peer 0x138008000 (22 bytes)
1725708581.385958 sending message 105 to peer 0x138008000 (64 bytes)
1725708581.385967 sending message 105 to peer 0x138008000 (12 bytes)
1725708581.385973 sending message 105 to peer 0x138008000 (56 bytes)
1725708581.385978 sending message 105 to peer 0x138008000 (28 bytes)
1725708581.385983 sending message 105 to peer 0x138008000 (23 bytes)
1725708581.385989 sending message 105 to peer 0x138008000 (37 bytes)
1725708581.385994 sending message 105 to peer 0x138008000 (30 bytes)
1725708581.385999 sending message 105 to peer 0x138008000 (34 bytes)
1725708581.386004 sending message 105 to peer 0x138008000 (35 bytes)
1725708581.386010 sending message 105 to peer 0x138008000 (36 bytes)
1725708581.386015 sending message 105 to peer 0x138008000 (15 bytes)
1725708581.386044 sending message 105 to peer 0x138008000 (111 bytes)
1725708581.386050 sending message 105 to peer 0x138008000 (8 bytes)
1725708581.386056 sending message 105 to peer 0x138008000 (19 bytes)
1725708581.386061 sending message 105 to peer 0x138008000 (32 bytes)
1725708581.386066 sending message 105 to peer 0x138008000 (96 bytes)
1725708581.386072 sending message 105 to peer 0x138008000 (39 bytes)
1725708581.386077 sending message 105 to peer 0x138008000 (28 bytes)
1725708581.386082 sending message 105 to peer 0x138008000 (58 bytes)
1725708581.386087 sending message 105 to peer 0x138008000 (16 bytes)
1725708581.386092 sending message 105 to peer 0x138008000 (31 bytes)
1725708581.386097 sending message 105 to peer 0x138008000 (67 bytes)
1725708581.386103 sending message 105 to peer 0x138008000 (65 bytes)
1725708581.386108 sending message 105 to peer 0x138008000 (25 bytes)
1725708581.386113 sending message 105 to peer 0x138008000 (51 bytes)
1725708581.386119 sending message 105 to peer 0x138008000 (59 bytes)
1725708581.386124 sending message 105 to peer 0x138008000 (11 bytes)
1725708581.386134 sending message 105 to peer 0x138008000 (1225 bytes)
1725708581.386152 sending message 105 to peer 0x138008000 (44 bytes)
1725708581.386159 sending message 105 to peer 0x138008000 (45 bytes)
1725708581.386164 sending message 105 to peer 0x138008000 (36 bytes)
1725708581.386169 sending message 105 to peer 0x138008000 (16 bytes)
1725708581.386175 sending message 105 to peer 0x138008000 (15 bytes)
1725708581.386180 sending message 105 to peer 0x138008000 (8 bytes)
1725708581.386185 sending message 105 to peer 0x138008000 (32 bytes)
1725708581.386190 sending message 105 to peer 0x138008000 (19 bytes)
1725708581.386196 sending message 105 to peer 0x138008000 (18 bytes)
1725708581.386201 sending message 105 to peer 0x138008000 (25 bytes)
1725708581.386206 sending message 105 to peer 0x138008000 (57 bytes)
1725708581.386211 sending message 105 to peer 0x138008000 (42 bytes)
1725708581.386216 sending message 105 to peer 0x138008000 (13 bytes)
1725708581.386222 sending message 105 to peer 0x138008000 (58 bytes)
1725708581.386227 sending message 105 to peer 0x138008000 (16 bytes)
1725708581.386233 sending message 105 to peer 0x138008000 (20 bytes)
1725708581.386238 sending message 105 to peer 0x138008000 (14 bytes)
1725708581.386243 sending message 105 to peer 0x138008000 (19 bytes)
1725708581.386248 sending message 105 to peer 0x138008000 (33 bytes)
1725708581.386254 sending message 105 to peer 0x138008000 (35 bytes)
1725708581.386259 sending message 105 to peer 0x138008000 (32 bytes)
1725708581.386264 sending message 105 to peer 0x138008000 (25 bytes)
1725708581.386269 sending message 106 to peer 0x138008000 (0 bytes)
1725708581.386382 sending message 200 to peer 0x138008000 (4 bytes)
1725708581.386391 client loop enter
1725708581.386918 peer 0x138008000 message 303
1725708581.386930 open write file 2 -
1725708581.386967 sending message 305 to peer 0x138008000 (8 bytes)
1725708581.386985 write check file 2
1725708581.387050 peer 0x138008000 message 304
1725708581.387059 write 58 to file 2
1725708581.387067 peer 0x138008000 message 203
1725708581.387073 file 2 58 bytes left
1725708581.387089 write check file 2
1725708581.387099 client loop exit
